  源.cpp
h:\网课\交大培训\20200523异常，线程\复数\复数\源.cpp(10): error C2039: “*”: 不是“complex”的成员
  h:\网课\交大培训\20200523异常，线程\复数\复数\源.cpp(6): note: 参见“complex”的声明
h:\网课\交大培训\20200523异常，线程\复数\复数\源.cpp(13): error C2039: “re”: 不是“complex”的成员
  h:\网课\交大培训\20200523异常，线程\复数\复数\源.cpp(6): note: 参见“complex”的声明
h:\网课\交大培训\20200523异常，线程\复数\复数\源.cpp(13): error C2065: “re”: 未声明的标识符
h:\网课\交大培训\20200523异常，线程\复数\复数\源.cpp(13): error C2039: “real”: 不是“complex”的成员
  h:\网课\交大培训\20200523异常，线程\复数\复数\源.cpp(6): note: 参见“complex”的声明
h:\网课\交大培训\20200523异常，线程\复数\复数\源.cpp(13): error C2065: “im”: 未声明的标识符
h:\网课\交大培训\20200523异常，线程\复数\复数\源.cpp(13): error C2039: “imag”: 不是“complex”的成员
  h:\网课\交大培训\20200523异常，线程\复数\复数\源.cpp(6): note: 参见“complex”的声明
h:\网课\交大培训\20200523异常，线程\复数\复数\源.cpp(14): error C2039: “im”: 不是“complex”的成员
  h:\网课\交大培训\20200523异常，线程\复数\复数\源.cpp(6): note: 参见“complex”的声明
h:\网课\交大培训\20200523异常，线程\复数\复数\源.cpp(14): error C2065: “im”: 未声明的标识符
h:\网课\交大培训\20200523异常，线程\复数\复数\源.cpp(14): error C2039: “real”: 不是“complex”的成员
  h:\网课\交大培训\20200523异常，线程\复数\复数\源.cpp(6): note: 参见“complex”的声明
h:\网课\交大培训\20200523异常，线程\复数\复数\源.cpp(14): error C2065: “re”: 未声明的标识符
h:\网课\交大培训\20200523异常，线程\复数\复数\源.cpp(14): error C2039: “imag”: 不是“complex”的成员
  h:\网课\交大培训\20200523异常，线程\复数\复数\源.cpp(6): note: 参见“complex”的声明
h:\网课\交大培训\20200523异常，线程\复数\复数\源.cpp(22): error C2039: “re”: 不是“complex”的成员
  h:\网课\交大培训\20200523异常，线程\复数\复数\源.cpp(6): note: 参见“complex”的声明
h:\网课\交大培训\20200523异常，线程\复数\复数\源.cpp(22): error C2065: “re”: 未声明的标识符
h:\网课\交大培训\20200523异常，线程\复数\复数\源.cpp(22): error C2039: “real”: 不是“complex”的成员
  h:\网课\交大培训\20200523异常，线程\复数\复数\源.cpp(6): note: 参见“complex”的声明
h:\网课\交大培训\20200523异常，线程\复数\复数\源.cpp(22): error C2065: “im”: 未声明的标识符
h:\网课\交大培训\20200523异常，线程\复数\复数\源.cpp(22): error C2039: “imag”: 不是“complex”的成员
  h:\网课\交大培训\20200523异常，线程\复数\复数\源.cpp(6): note: 参见“complex”的声明
h:\网课\交大培训\20200523异常，线程\复数\复数\源.cpp(23): error C2039: “im”: 不是“complex”的成员
  h:\网课\交大培训\20200523异常，线程\复数\复数\源.cpp(6): note: 参见“complex”的声明
h:\网课\交大培训\20200523异常，线程\复数\复数\源.cpp(23): error C2065: “im”: 未声明的标识符
h:\网课\交大培训\20200523异常，线程\复数\复数\源.cpp(23): error C2039: “real”: 不是“complex”的成员
  h:\网课\交大培训\20200523异常，线程\复数\复数\源.cpp(6): note: 参见“complex”的声明
h:\网课\交大培训\20200523异常，线程\复数\复数\源.cpp(23): error C2065: “re”: 未声明的标识符
h:\网课\交大培训\20200523异常，线程\复数\复数\源.cpp(23): error C2039: “imag”: 不是“complex”的成员
  h:\网课\交大培训\20200523异常，线程\复数\复数\源.cpp(6): note: 参见“complex”的声明
