  SingleList.cpp
C:\Users\12581\Documents\GitHub\2020-Program-Jiang\List\List\SingleList.h(37,13): error C2059: 语法错误:“<template-id>”
C:\Users\12581\Documents\GitHub\2020-Program-Jiang\List\List\SingleList.h(86): message : 查看对正在编译的 类 模板 实例化“SingleList<T>”的引用
C:\Users\12581\Documents\GitHub\2020-Program-Jiang\List\List\SingleList.h(37,1): error C2238: 意外的标记位于“;”之前
C:\Users\12581\Documents\GitHub\2020-Program-Jiang\List\List\SingleList.h(38,13): error C2059: 语法错误:“<template-id>”
C:\Users\12581\Documents\GitHub\2020-Program-Jiang\List\List\SingleList.h(38,1): error C2238: 意外的标记位于“;”之前
C:\Users\12581\Documents\GitHub\2020-Program-Jiang\List\List\SingleList.h(39,13): error C2059: 语法错误:“<template-id>”
C:\Users\12581\Documents\GitHub\2020-Program-Jiang\List\List\SingleList.h(39,1): error C2238: 意外的标记位于“;”之前
C:\Users\12581\Documents\GitHub\2020-Program-Jiang\List\List\SingleList.h(45,9): error C3861: “head”: 找不到标识符
C:\Users\12581\Documents\GitHub\2020-Program-Jiang\List\List\SingleList.h(45,16): error C3861: “tail”: 找不到标识符
C:\Users\12581\Documents\GitHub\2020-Program-Jiang\List\List\SingleList.h(45,23): error C3861: “currptr”: 找不到标识符
C:\Users\12581\Documents\GitHub\2020-Program-Jiang\List\List\SingleList.h(51,9): error C3861: “tail”: 找不到标识符
C:\Users\12581\Documents\GitHub\2020-Program-Jiang\List\List\SingleList.h(51,16): error C3861: “currptr”: 找不到标识符
C:\Users\12581\Documents\GitHub\2020-Program-Jiang\List\List\SingleList.h(52,9): error C3861: “head”: 找不到标识符
C:\Users\12581\Documents\GitHub\2020-Program-Jiang\List\List\SingleList.h(52,30): error C3861: “currptr”: 找不到标识符
C:\Users\12581\Documents\GitHub\2020-Program-Jiang\List\List\SingleList.h(60,13): error C3861: “currptr”: 找不到标识符
C:\Users\12581\Documents\GitHub\2020-Program-Jiang\List\List\SingleList.h(60,23): error C3861: “head”: 找不到标识符
C:\Users\12581\Documents\GitHub\2020-Program-Jiang\List\List\SingleList.h(61,13): error C3861: “head”: 找不到标识符
C:\Users\12581\Documents\GitHub\2020-Program-Jiang\List\List\SingleList.h(61,26): error C3861: “currptr”: 找不到标识符
C:\Users\12581\Documents\GitHub\2020-Program-Jiang\List\List\SingleList.h(62,20): error C3861: “currptr”: 找不到标识符
C:\Users\12581\Documents\GitHub\2020-Program-Jiang\List\List\SingleList.h(64,16): error C3861: “head”: 找不到标识符
C:\Users\12581\Documents\GitHub\2020-Program-Jiang\List\List\SingleList.h(67,34): error C3861: “head”: 找不到标识符
C:\Users\12581\Documents\GitHub\2020-Program-Jiang\List\List\SingleList.cpp(15,5): error C3861: “currptr”: 找不到标识符
C:\Users\12581\Documents\GitHub\2020-Program-Jiang\List\List\SingleList.cpp(15,41): error C3861: “currptr”: 找不到标识符
C:\Users\12581\Documents\GitHub\2020-Program-Jiang\List\List\SingleList.cpp(16,9): error C3861: “tail”: 找不到标识符
C:\Users\12581\Documents\GitHub\2020-Program-Jiang\List\List\SingleList.cpp(16,17): error C3861: “currptr”: 找不到标识符
C:\Users\12581\Documents\GitHub\2020-Program-Jiang\List\List\SingleList.cpp(17,9): error C3861: “tail”: 找不到标识符
C:\Users\12581\Documents\GitHub\2020-Program-Jiang\List\List\SingleList.cpp(17,16): error C3861: “currptr”: 找不到标识符
C:\Users\12581\Documents\GitHub\2020-Program-Jiang\List\List\SingleList.cpp(26,9): error C3861: “head”: 找不到标识符
C:\Users\12581\Documents\GitHub\2020-Program-Jiang\List\List\SingleList.cpp(26,42): error C3861: “head”: 找不到标识符
C:\Users\12581\Documents\GitHub\2020-Program-Jiang\List\List\SingleList.cpp(27,9): error C3861: “tail”: 找不到标识符
C:\Users\12581\Documents\GitHub\2020-Program-Jiang\List\List\SingleList.cpp(27,16): error C3861: “head”: 找不到标识符
C:\Users\12581\Documents\GitHub\2020-Program-Jiang\List\List\SingleList.cpp(30,9): error C3861: “head”: 找不到标识符
C:\Users\12581\Documents\GitHub\2020-Program-Jiang\List\List\SingleList.cpp(30,42): error C3861: “head”: 找不到标识符
C:\Users\12581\Documents\GitHub\2020-Program-Jiang\List\List\SingleList.cpp(38,5): error C3861: “tail”: 找不到标识符
C:\Users\12581\Documents\GitHub\2020-Program-Jiang\List\List\SingleList.cpp(39,5): error C3861: “tail”: 找不到标识符
C:\Users\12581\Documents\GitHub\2020-Program-Jiang\List\List\SingleList.cpp(39,12): error C3861: “tail”: 找不到标识符
C:\Users\12581\Documents\GitHub\2020-Program-Jiang\List\List\SingleList.cpp(46,9): error C3861: “currptr”: 找不到标识符
C:\Users\12581\Documents\GitHub\2020-Program-Jiang\List\List\SingleList.cpp(46,20): error C3861: “tail”: 找不到标识符
C:\Users\12581\Documents\GitHub\2020-Program-Jiang\List\List\SingleList.cpp(50,23): error C3861: “currptr”: 找不到标识符
C:\Users\12581\Documents\GitHub\2020-Program-Jiang\List\List\SingleList.cpp(51,5): error C3861: “currptr”: 找不到标识符
C:\Users\12581\Documents\GitHub\2020-Program-Jiang\List\List\SingleList.cpp(53,17): error C3861: “tail”: 找不到标识符
C:\Users\12581\Documents\GitHub\2020-Program-Jiang\List\List\SingleList.cpp(53,23): error C3861: “tail”: 找不到标识符
C:\Users\12581\Documents\GitHub\2020-Program-Jiang\List\List\SingleList.cpp(53,30): error C3861: “currptr”: 找不到标识符
C:\Users\12581\Documents\GitHub\2020-Program-Jiang\List\List\SingleList.cpp(64,23): error C3861: “head”: 找不到标识符
C:\Users\12581\Documents\GitHub\2020-Program-Jiang\List\List\SingleList.cpp(65,5): error C3861: “head”: 找不到标识符
C:\Users\12581\Documents\GitHub\2020-Program-Jiang\List\List\SingleList.cpp(67,17): error C3861: “tail”: 找不到标识符
C:\Users\12581\Documents\GitHub\2020-Program-Jiang\List\List\SingleList.cpp(67,23): error C3861: “tail”: 找不到标识符
C:\Users\12581\Documents\GitHub\2020-Program-Jiang\List\List\SingleList.cpp(67,30): error C3861: “head”: 找不到标识符
C:\Users\12581\Documents\GitHub\2020-Program-Jiang\List\List\SingleList.cpp(78,12): error C3861: “currptr”: 找不到标识符
C:\Users\12581\Documents\GitHub\2020-Program-Jiang\List\List\SingleList.cpp(78,29): error C3861: “tail”: 找不到标识符
C:\Users\12581\Documents\GitHub\2020-Program-Jiang\List\List\SingleList.cpp(80,9): error C3861: “currptr”: 找不到标识符
C:\Users\12581\Documents\GitHub\2020-Program-Jiang\List\List\SingleList.cpp(80,19): error C3861: “currptr”: 找不到标识符
C:\Users\12581\Documents\GitHub\2020-Program-Jiang\List\List\SingleList.cpp(82,5): error C3861: “currptr”: 找不到标识符
C:\Users\12581\Documents\GitHub\2020-Program-Jiang\List\List\SingleList.cpp(84,12): error C3861: “tail”: 找不到标识符
C:\Users\12581\Documents\GitHub\2020-Program-Jiang\List\List\SingleList.cpp(85,5): error C3861: “tail”: 找不到标识符
C:\Users\12581\Documents\GitHub\2020-Program-Jiang\List\List\SingleList.cpp(85,12): error C3861: “currptr”: 找不到标识符
C:\Users\12581\Documents\GitHub\2020-Program-Jiang\List\List\SingleList.cpp(91,23): error C3861: “head”: 找不到标识符
C:\Users\12581\Documents\GitHub\2020-Program-Jiang\List\List\SingleList.cpp(110,12): error C3861: “currptr”: 找不到标识符
C:\Users\12581\Documents\GitHub\2020-Program-Jiang\List\List\SingleList.cpp(116,23): error C3861: “head”: 找不到标识符
C:\Users\12581\Documents\GitHub\2020-Program-Jiang\List\List\SingleList.cpp(137,28): error C3861: “head”: 找不到标识符
  main.cpp
C:\Users\12581\Documents\GitHub\2020-Program-Jiang\List\List\SingleList.h(37,13): error C2059: 语法错误:“<template-id>”
C:\Users\12581\Documents\GitHub\2020-Program-Jiang\List\List\SingleList.h(86): message : 查看对正在编译的 类 模板 实例化“SingleList<T>”的引用
C:\Users\12581\Documents\GitHub\2020-Program-Jiang\List\List\SingleList.h(37,1): error C2238: 意外的标记位于“;”之前
C:\Users\12581\Documents\GitHub\2020-Program-Jiang\List\List\SingleList.h(38,13): error C2059: 语法错误:“<template-id>”
C:\Users\12581\Documents\GitHub\2020-Program-Jiang\List\List\SingleList.h(38,1): error C2238: 意外的标记位于“;”之前
C:\Users\12581\Documents\GitHub\2020-Program-Jiang\List\List\SingleList.h(39,13): error C2059: 语法错误:“<template-id>”
C:\Users\12581\Documents\GitHub\2020-Program-Jiang\List\List\SingleList.h(39,1): error C2238: 意外的标记位于“;”之前
C:\Users\12581\Documents\GitHub\2020-Program-Jiang\List\List\SingleList.h(45,9): error C3861: “head”: 找不到标识符
C:\Users\12581\Documents\GitHub\2020-Program-Jiang\List\List\SingleList.h(45,16): error C3861: “tail”: 找不到标识符
C:\Users\12581\Documents\GitHub\2020-Program-Jiang\List\List\SingleList.h(45,23): error C3861: “currptr”: 找不到标识符
C:\Users\12581\Documents\GitHub\2020-Program-Jiang\List\List\SingleList.h(51,9): error C3861: “tail”: 找不到标识符
C:\Users\12581\Documents\GitHub\2020-Program-Jiang\List\List\SingleList.h(51,16): error C3861: “currptr”: 找不到标识符
C:\Users\12581\Documents\GitHub\2020-Program-Jiang\List\List\SingleList.h(52,9): error C3861: “head”: 找不到标识符
C:\Users\12581\Documents\GitHub\2020-Program-Jiang\List\List\SingleList.h(52,30): error C3861: “currptr”: 找不到标识符
C:\Users\12581\Documents\GitHub\2020-Program-Jiang\List\List\SingleList.h(60,13): error C3861: “currptr”: 找不到标识符
C:\Users\12581\Documents\GitHub\2020-Program-Jiang\List\List\SingleList.h(60,23): error C3861: “head”: 找不到标识符
C:\Users\12581\Documents\GitHub\2020-Program-Jiang\List\List\SingleList.h(61,13): error C3861: “head”: 找不到标识符
C:\Users\12581\Documents\GitHub\2020-Program-Jiang\List\List\SingleList.h(61,26): error C3861: “currptr”: 找不到标识符
C:\Users\12581\Documents\GitHub\2020-Program-Jiang\List\List\SingleList.h(62,20): error C3861: “currptr”: 找不到标识符
C:\Users\12581\Documents\GitHub\2020-Program-Jiang\List\List\SingleList.h(64,16): error C3861: “head”: 找不到标识符
C:\Users\12581\Documents\GitHub\2020-Program-Jiang\List\List\SingleList.h(67,34): error C3861: “head”: 找不到标识符
C:\Users\12581\Documents\GitHub\2020-Program-Jiang\List\List\SingleList.cpp(15,5): error C3861: “currptr”: 找不到标识符
C:\Users\12581\Documents\GitHub\2020-Program-Jiang\List\List\SingleList.cpp(15,41): error C3861: “currptr”: 找不到标识符
C:\Users\12581\Documents\GitHub\2020-Program-Jiang\List\List\SingleList.cpp(16,9): error C3861: “tail”: 找不到标识符
C:\Users\12581\Documents\GitHub\2020-Program-Jiang\List\List\SingleList.cpp(16,17): error C3861: “currptr”: 找不到标识符
C:\Users\12581\Documents\GitHub\2020-Program-Jiang\List\List\SingleList.cpp(17,9): error C3861: “tail”: 找不到标识符
C:\Users\12581\Documents\GitHub\2020-Program-Jiang\List\List\SingleList.cpp(17,16): error C3861: “currptr”: 找不到标识符
C:\Users\12581\Documents\GitHub\2020-Program-Jiang\List\List\SingleList.cpp(26,9): error C3861: “head”: 找不到标识符
C:\Users\12581\Documents\GitHub\2020-Program-Jiang\List\List\SingleList.cpp(26,42): error C3861: “head”: 找不到标识符
C:\Users\12581\Documents\GitHub\2020-Program-Jiang\List\List\SingleList.cpp(27,9): error C3861: “tail”: 找不到标识符
C:\Users\12581\Documents\GitHub\2020-Program-Jiang\List\List\SingleList.cpp(27,16): error C3861: “head”: 找不到标识符
C:\Users\12581\Documents\GitHub\2020-Program-Jiang\List\List\SingleList.cpp(30,9): error C3861: “head”: 找不到标识符
C:\Users\12581\Documents\GitHub\2020-Program-Jiang\List\List\SingleList.cpp(30,42): error C3861: “head”: 找不到标识符
C:\Users\12581\Documents\GitHub\2020-Program-Jiang\List\List\SingleList.cpp(38,5): error C3861: “tail”: 找不到标识符
C:\Users\12581\Documents\GitHub\2020-Program-Jiang\List\List\SingleList.cpp(39,5): error C3861: “tail”: 找不到标识符
C:\Users\12581\Documents\GitHub\2020-Program-Jiang\List\List\SingleList.cpp(39,12): error C3861: “tail”: 找不到标识符
C:\Users\12581\Documents\GitHub\2020-Program-Jiang\List\List\SingleList.cpp(46,9): error C3861: “currptr”: 找不到标识符
C:\Users\12581\Documents\GitHub\2020-Program-Jiang\List\List\SingleList.cpp(46,20): error C3861: “tail”: 找不到标识符
C:\Users\12581\Documents\GitHub\2020-Program-Jiang\List\List\SingleList.cpp(50,23): error C3861: “currptr”: 找不到标识符
C:\Users\12581\Documents\GitHub\2020-Program-Jiang\List\List\SingleList.cpp(51,5): error C3861: “currptr”: 找不到标识符
C:\Users\12581\Documents\GitHub\2020-Program-Jiang\List\List\SingleList.cpp(53,17): error C3861: “tail”: 找不到标识符
C:\Users\12581\Documents\GitHub\2020-Program-Jiang\List\List\SingleList.cpp(53,23): error C3861: “tail”: 找不到标识符
C:\Users\12581\Documents\GitHub\2020-Program-Jiang\List\List\SingleList.cpp(53,30): error C3861: “currptr”: 找不到标识符
C:\Users\12581\Documents\GitHub\2020-Program-Jiang\List\List\SingleList.cpp(64,23): error C3861: “head”: 找不到标识符
C:\Users\12581\Documents\GitHub\2020-Program-Jiang\List\List\SingleList.cpp(65,5): error C3861: “head”: 找不到标识符
C:\Users\12581\Documents\GitHub\2020-Program-Jiang\List\List\SingleList.cpp(67,17): error C3861: “tail”: 找不到标识符
C:\Users\12581\Documents\GitHub\2020-Program-Jiang\List\List\SingleList.cpp(67,23): error C3861: “tail”: 找不到标识符
C:\Users\12581\Documents\GitHub\2020-Program-Jiang\List\List\SingleList.cpp(67,30): error C3861: “head”: 找不到标识符
C:\Users\12581\Documents\GitHub\2020-Program-Jiang\List\List\SingleList.cpp(78,12): error C3861: “currptr”: 找不到标识符
C:\Users\12581\Documents\GitHub\2020-Program-Jiang\List\List\SingleList.cpp(78,29): error C3861: “tail”: 找不到标识符
C:\Users\12581\Documents\GitHub\2020-Program-Jiang\List\List\SingleList.cpp(80,9): error C3861: “currptr”: 找不到标识符
C:\Users\12581\Documents\GitHub\2020-Program-Jiang\List\List\SingleList.cpp(80,19): error C3861: “currptr”: 找不到标识符
C:\Users\12581\Documents\GitHub\2020-Program-Jiang\List\List\SingleList.cpp(82,5): error C3861: “currptr”: 找不到标识符
C:\Users\12581\Documents\GitHub\2020-Program-Jiang\List\List\SingleList.cpp(84,12): error C3861: “tail”: 找不到标识符
C:\Users\12581\Documents\GitHub\2020-Program-Jiang\List\List\SingleList.cpp(85,5): error C3861: “tail”: 找不到标识符
C:\Users\12581\Documents\GitHub\2020-Program-Jiang\List\List\SingleList.cpp(85,12): error C3861: “currptr”: 找不到标识符
C:\Users\12581\Documents\GitHub\2020-Program-Jiang\List\List\SingleList.cpp(91,23): error C3861: “head”: 找不到标识符
C:\Users\12581\Documents\GitHub\2020-Program-Jiang\List\List\SingleList.cpp(110,12): error C3861: “currptr”: 找不到标识符
C:\Users\12581\Documents\GitHub\2020-Program-Jiang\List\List\SingleList.cpp(116,23): error C3861: “head”: 找不到标识符
C:\Users\12581\Documents\GitHub\2020-Program-Jiang\List\List\SingleList.cpp(137,28): error C3861: “head”: 找不到标识符
  正在生成代码...
